2017-04-20 18:52:51,345 [INFO ] method:com.demo.slf4j.HelloWorld.main(HelloWorld.java:14)
Hello World...
2017-04-20 18:52:51,348 [INFO ] method:com.demo.slf4j.HelloWorld.main(HelloWorld.java:18)
status:0
2017-04-20 18:52:51,348 [INFO ] method:com.demo.slf4j.HelloWorld.main(HelloWorld.java:22)
end!
2017-04-20 18:52:51,350 [ERROR] method:com.demo.slf4j.HelloWorld.main(HelloWorld.java:24)
this is an error message!
2017-04-20 18:58:26,498 [INFO ] Method:com.demo.slf4j.HelloWorld.main(HelloWorld.java:14)Hello World...
2017-04-20 18:58:26,500 [INFO ] Method:com.demo.slf4j.HelloWorld.main(HelloWorld.java:18)status:0
2017-04-20 18:58:26,501 [INFO ] Method:com.demo.slf4j.HelloWorld.main(HelloWorld.java:22)end!
2017-04-20 18:58:26,502 [ERROR] Method:com.demo.slf4j.HelloWorld.main(HelloWorld.java:24)this is an error message!
2017-04-20 18:58:41,514 [INFO ] Method:com.demo.slf4j.HelloWorld.main(HelloWorld.java:14)Hello World...
2017-04-20 18:58:41,517 [INFO ] Method:com.demo.slf4j.HelloWorld.main(HelloWorld.java:18)status:0
2017-04-20 18:58:41,517 [INFO ] Method:com.demo.slf4j.HelloWorld.main(HelloWorld.java:22)end!
2017-04-20 18:58:41,519 [ERROR] Method:com.demo.slf4j.HelloWorld.main(HelloWorld.java:24)this is an error message!
2017-04-20 18:58:58,195 [INFO ] Method:com.demo.slf4j.HelloWorld.main(HelloWorld.java:14)Hello World...
2017-04-20 18:58:58,200 [INFO ] Method:com.demo.slf4j.HelloWorld.main(HelloWorld.java:18)status:0
2017-04-20 18:58:58,200 [INFO ] Method:com.demo.slf4j.HelloWorld.main(HelloWorld.java:22)end!
2017-04-20 18:58:58,202 [ERROR] Method:com.demo.slf4j.HelloWorld.main(HelloWorld.java:24)this is an error message!
2017-04-20 18:59:04,698 [INFO ] Method:com.demo.slf4j.HelloWorld.main(HelloWorld.java:14)Hello World...
2017-04-20 18:59:04,701 [INFO ] Method:com.demo.slf4j.HelloWorld.main(HelloWorld.java:18)status:0
2017-04-20 18:59:04,701 [INFO ] Method:com.demo.slf4j.HelloWorld.main(HelloWorld.java:22)end!
2017-04-20 18:59:04,703 [ERROR] Method:com.demo.slf4j.HelloWorld.main(HelloWorld.java:24)this is an error message!
2017-04-20 18:59:18,197 [INFO ] Method:com.demo.slf4j.HelloWorld.main(HelloWorld.java:14)Hello World...
2017-04-20 18:59:18,201 [INFO ] Method:com.demo.slf4j.HelloWorld.main(HelloWorld.java:18)status:0
2017-04-20 18:59:18,201 [INFO ] Method:com.demo.slf4j.HelloWorld.main(HelloWorld.java:22)end!
2017-04-20 18:59:18,203 [ERROR] Method:com.demo.slf4j.HelloWorld.main(HelloWorld.java:24)this is an error message!
2017-04-20 18:59:24,305 [INFO ] Method:com.demo.slf4j.HelloWorld.main(HelloWorld.java:14)Hello World...
2017-04-20 18:59:24,311 [INFO ] Method:com.demo.slf4j.HelloWorld.main(HelloWorld.java:18)status:0
2017-04-20 18:59:24,311 [INFO ] Method:com.demo.slf4j.HelloWorld.main(HelloWorld.java:22)end!
2017-04-20 18:59:24,313 [ERROR] Method:com.demo.slf4j.HelloWorld.main(HelloWorld.java:24)this is an error message!
2017-04-20 19:08:50,892 [ERROR] Method:com.demo.thrift.HelloServiceServer.startServer(HelloServiceServer.java:51) -- Start server fail：服务器绑定端口被占用
2017-04-20 19:20:41,723 [INFO ] Method:com.demo.thrift.HelloServiceServer.startServer(HelloServiceServer.java:50) -- Start server on port 0
2017-04-20 19:22:15,039 [ERROR] Method:com.demo.thrift.ipml.HelloServiceClient.startClient(HelloServiceClient.java:50) -- TTransportException: 与服务器连接失败，服务器可能未启动
2017-04-20 19:23:24,286 [ERROR] Method:com.demo.thrift.ipml.HelloServiceClient.startClient(HelloServiceClient.java:52) -- TTransportException: 与服务器连接失败，服务器可能未启动
2017-04-20 19:23:30,466 [INFO ] Method:com.demo.thrift.HelloServiceServer.startServer(HelloServiceServer.java:52) -- Start server on port 0
2017-04-20 19:25:54,510 [INFO ] Method:com.demo.thrift.HelloServiceServer.startServer(HelloServiceServer.java:52) -- Start server on port 0
2017-04-20 19:25:56,286 [INFO ] Method:com.demo.thrift.HelloServiceServer.startServer(HelloServiceServer.java:52) -- Start server on port 0
2017-04-20 19:25:58,901 [INFO ] Method:com.demo.thrift.HelloServiceServer.startServer(HelloServiceServer.java:52) -- Start server on port 0
2017-04-20 19:32:36,174 [INFO ] Method:com.demo.thrift.HelloServiceServer.startServer(HelloServiceServer.java:52) -- Start server on port 0
2017-04-20 19:32:42,966 [INFO ] Method:com.demo.thrift.HelloServiceServer.startServer(HelloServiceServer.java:52) -- Start server on port 0
2017-04-20 19:33:15,972 [INFO ] Method:com.demo.thrift.HelloServiceServer.startServer(HelloServiceServer.java:52) -- Start server on port 0
2017-04-20 19:34:50,348 [INFO ] Method:com.demo.thrift.HelloServiceServer.startServer(HelloServiceServer.java:54) -- Start server on port 0
2017-04-20 19:36:23,861 [INFO ] Method:com.demo.thrift.HelloServiceServer.startServer(HelloServiceServer.java:52) -- Start server on port 0
2017-04-20 19:37:03,495 [INFO ] Method:com.demo.thrift.HelloServiceServer.startServer(HelloServiceServer.java:52) -- Start server on port 0
2017-04-20 19:40:57,024 [INFO ] Method:com.demo.thrift.HelloServiceServer.startServer(HelloServiceServer.java:52) -- Start server on port 0
2017-04-20 19:41:37,628 [INFO ] Method:com.demo.thrift.HelloServiceServer.startServer(HelloServiceServer.java:52) -- Start server on port 0
2017-04-20 19:42:30,165 [INFO ] Method:com.demo.thrift.HelloServiceServer.startServer(HelloServiceServer.java:52) -- Start server on port 0
2017-04-20 19:45:31,226 [INFO ] Method:com.demo.thrift.HelloServiceServer.startServer(HelloServiceServer.java:53) -- Start server on port 0
2017-04-20 19:46:14,474 [INFO ] Method:com.demo.thrift.HelloServiceServer.startServer(HelloServiceServer.java:54) -- Start server on port 0
2017-04-20 19:47:50,563 [INFO ] Method:com.demo.thrift.HelloServiceServer.startServer(HelloServiceServer.java:53) -- Start server on port 0
2017-04-20 19:48:01,747 [INFO ] Method:com.demo.thrift.HelloServiceServer.startServer(HelloServiceServer.java:53) -- Start server on port 0
2017-04-20 19:48:08,119 [INFO ] Method:com.demo.thrift.HelloServiceServer.startServer(HelloServiceServer.java:53) -- Start server on port 0
2017-04-20 19:48:22,028 [INFO ] Method:com.demo.thrift.HelloServiceServer.startServer(HelloServiceServer.java:53) -- Start server on port 0
2017-04-20 19:51:08,698 [INFO ] Method:com.demo.thrift.HelloServiceServer.startServer(HelloServiceServer.java:53) -- Start server on port 0
2017-04-20 19:51:26,587 [INFO ] Method:com.demo.thrift.HelloServiceServer.startServer(HelloServiceServer.java:53) -- Start server on port 0
2017-04-20 19:52:59,625 [INFO ] Method:com.demo.thrift.HelloServiceServer.main(HelloServiceServer.java:47) -- Start server on port 0
2017-04-20 19:53:16,192 [ERROR] Method:com.demo.thrift.ipml.HelloServiceClient.startClient(HelloServiceClient.java:52) -- TTransportException: 与服务器连接失败，服务器可能未启动
2017-04-20 19:56:53,957 [INFO ] Method:com.demo.thrift.HelloServiceServer.startServer(HelloServiceServer.java:54) -- Start server on port 0
2017-04-20 19:58:13,576 [INFO ] Method:com.demo.thrift.HelloServiceServer.main(HelloServiceServer.java:47) -- Start server on port 0
2017-04-20 19:58:15,760 [INFO ] Method:com.demo.thrift.HelloServiceServer.startServer(HelloServiceServer.java:54) -- Start server on port 0
2017-04-20 19:58:18,809 [INFO ] Method:com.demo.thrift.HelloServiceServer.startServer(HelloServiceServer.java:54) -- Start server on port 8901
2017-04-20 19:59:24,297 [ERROR] Method:com.demo.thrift.ipml.HelloServiceClient.startClient(HelloServiceClient.java:60) -- The result of helloNull function is NULL
2017-04-20 20:03:06,052 [INFO ] Method:com.demo.thrift.HelloServiceServer.startServer(HelloServiceServer.java:57) -- Start server on port 0
2017-04-20 20:29:28,273 [INFO ] Method:com.demo.thrift.ipml.HelloServerIpml.startServer(HelloServerIpml.java:44) -- Start server on port 8901
2017-04-20 20:30:58,565 [ERROR] Method:com.demo.thrift.ipml.HelloServiceClient.startClient(HelloServiceClient.java:60) -- The result of helloNull function is NULL
2017-04-20 20:31:10,064 [INFO ] Method:com.demo.thrift.ipml.HelloServiceClient.startClient(HelloServiceClient.java:35) -- client calling...
2017-04-20 20:31:30,097 [ERROR] Method:com.demo.thrift.ipml.HelloServiceClient.startClient(HelloServiceClient.java:61) -- The result of helloNull function is NULL
2017-04-20 20:31:54,864 [ERROR] Method:com.demo.thrift.ipml.HelloServiceClient.startClient(HelloServiceClient.java:53) -- TTransportException: 与服务器连接失败，服务器可能未启动
2017-04-20 20:34:49,409 [ERROR] Method:com.demo.thrift.ipml.HelloClientIpml.startClient(HelloClientIpml.java:55) -- TTransportException: 与服务器连接失败，服务器可能未启动
2017-04-20 20:36:20,585 [ERROR] Method:com.demo.thrift.ipml.HelloClientIpml.startClient(HelloClientIpml.java:55) -- TTransportException: 与服务器连接失败，服务器可能未启动
2017-04-20 20:37:14,796 [ERROR] Method:com.demo.thrift.ipml.HelloClientIpml.startClient(HelloClientIpml.java:56) -- TTransportException: 与服务器连接失败，服务器可能未启动
2017-04-20 20:37:49,906 [INFO ] Method:com.demo.thrift.ipml.HelloServerIpml.startServer(HelloServerIpml.java:43) -- Start server on port 0
2017-04-20 20:38:05,280 [INFO ] Method:com.demo.thrift.ipml.HelloServerIpml.startServer(HelloServerIpml.java:43) -- Start server on port 0
2017-04-20 20:38:21,614 [INFO ] Method:com.demo.thrift.ipml.HelloServerIpml.startServer(HelloServerIpml.java:43) -- Start server on port 0
2017-04-20 20:38:51,424 [INFO ] Method:com.demo.thrift.ipml.HelloServerIpml.startServer(HelloServerIpml.java:43) -- Start server on port 0
2017-04-20 20:39:03,468 [INFO ] Method:com.demo.thrift.ipml.HelloServerIpml.startServer(HelloServerIpml.java:43) -- Start server on port 0
2017-04-20 20:39:41,594 [INFO ] Method:com.demo.thrift.ipml.HelloServerIpml.startServer(HelloServerIpml.java:44) -- Start server on port 0
2017-04-20 20:40:12,763 [ERROR] Method:com.demo.thrift.ipml.HelloClientIpml.startClient(HelloClientIpml.java:56) -- TTransportException: 与服务器连接失败，服务器可能未启动
2017-04-20 20:40:24,956 [INFO ] Method:com.demo.thrift.ipml.HelloServerIpml.startServer(HelloServerIpml.java:44) -- Start server on port 0
2017-04-20 20:42:02,427 [INFO ] Method:com.demo.thrift.ipml.HelloServerIpml.startServer(HelloServerIpml.java:44) -- Start server on port 0
2017-04-20 20:42:22,683 [INFO ] Method:com.demo.thrift.ipml.HelloServerIpml.startServer(HelloServerIpml.java:44) -- Start server on port 0
2017-04-20 20:51:30,770 [INFO ] Method:com.demo.thrift.ipml.HelloServerIpml.startServer(HelloServerIpml.java:44) -- Start server on port 0
2017-04-21 09:10:50,312 [INFO ] Method:org.springframework.context.support.AbstractApplicationContext.prepareRefresh(AbstractApplicationContext.java:582) -- Refreshing org.springframework.context.support.ClassPathXmlApplicationContext@11028347: startup date [Fri Apr 21 09:10:50 CST 2017]; root of context hierarchy
2017-04-21 09:10:50,380 [INFO ] Method:org.springframework.beans.factory.xml.XmlBeanDefinitionReader.loadBeanDefinitions(XmlBeanDefinitionReader.java:317) -- Loading XML bean definitions from class path resource [spring-config.xml]
2017-04-21 09:10:51,752 [INFO ] Method:com.demo.thrift.ipml.HelloServerIpml.startServer(HelloServerIpml.java:46) -- Start server on port 8901
2017-04-21 09:11:03,711 [INFO ] Method:org.springframework.context.support.AbstractApplicationContext.prepareRefresh(AbstractApplicationContext.java:582) -- Refreshing org.springframework.context.support.ClassPathXmlApplicationContext@2a33fae0: startup date [Fri Apr 21 09:11:03 CST 2017]; root of context hierarchy
2017-04-21 09:11:03,757 [INFO ] Method:org.springframework.beans.factory.xml.XmlBeanDefinitionReader.loadBeanDefinitions(XmlBeanDefinitionReader.java:317) -- Loading XML bean definitions from class path resource [spring-config.xml]
2017-04-21 09:11:04,835 [INFO ] Method:com.demo.thrift.ipml.HelloClientIpml.startClient(HelloClientIpml.java:41) -- client calling on port org.apache.thrift.transport.TSocket@550a1967
2017-04-21 09:11:24,947 [ERROR] Method:com.demo.thrift.ipml.HelloClientIpml.startClient(HelloClientIpml.java:67) -- The result of helloNull function is NULL
2017-04-21 09:13:38,745 [INFO ] Method:org.springframework.context.support.AbstractApplicationContext.prepareRefresh(AbstractApplicationContext.java:582) -- Refreshing org.springframework.context.support.ClassPathXmlApplicationContext@2a33fae0: startup date [Fri Apr 21 09:13:38 CST 2017]; root of context hierarchy
2017-04-21 09:13:38,798 [INFO ] Method:org.springframework.beans.factory.xml.XmlBeanDefinitionReader.loadBeanDefinitions(XmlBeanDefinitionReader.java:317) -- Loading XML bean definitions from class path resource [spring-config.xml]
2017-04-21 09:13:39,661 [INFO ] Method:com.demo.thrift.ipml.HelloClientIpml.startClient(HelloClientIpml.java:41) -- client calling on port org.apache.thrift.transport.TSocket@550a1967
2017-04-21 09:13:59,716 [ERROR] Method:com.demo.thrift.ipml.HelloClientIpml.startClient(HelloClientIpml.java:67) -- The result of helloNull function is NULL
2017-04-21 09:18:01,849 [INFO ] Method:org.springframework.context.support.AbstractApplicationContext.prepareRefresh(AbstractApplicationContext.java:582) -- Refreshing org.springframework.context.support.ClassPathXmlApplicationContext@11028347: startup date [Fri Apr 21 09:18:01 CST 2017]; root of context hierarchy
2017-04-21 09:18:01,893 [INFO ] Method:org.springframework.beans.factory.xml.XmlBeanDefinitionReader.loadBeanDefinitions(XmlBeanDefinitionReader.java:317) -- Loading XML bean definitions from class path resource [spring-config.xml]
2017-04-21 09:18:02,818 [INFO ] Method:com.demo.thrift.ipml.HelloServerIpml.startServer(HelloServerIpml.java:47) -- Start server on port 8901
2017-04-21 09:18:17,275 [INFO ] Method:org.springframework.context.support.AbstractApplicationContext.prepareRefresh(AbstractApplicationContext.java:582) -- Refreshing org.springframework.context.support.ClassPathXmlApplicationContext@2a33fae0: startup date [Fri Apr 21 09:18:17 CST 2017]; root of context hierarchy
2017-04-21 09:18:17,326 [INFO ] Method:org.springframework.beans.factory.xml.XmlBeanDefinitionReader.loadBeanDefinitions(XmlBeanDefinitionReader.java:317) -- Loading XML bean definitions from class path resource [spring-config.xml]
2017-04-21 09:18:18,016 [INFO ] Method:com.demo.thrift.ipml.HelloClientIpml.startClient(HelloClientIpml.java:38) -- client calling on port org.apache.thrift.transport.TSocket@66fdec9
2017-04-21 09:18:38,081 [ERROR] Method:com.demo.thrift.ipml.HelloClientIpml.startClient(HelloClientIpml.java:64) -- The result of helloNull function is NULL
