2017-04-20 18:52:51,350 [ERROR] method:com.demo.slf4j.HelloWorld.main(HelloWorld.java:24)
this is an error message!
2017-04-20 18:58:26,502 [ERROR] Method:com.demo.slf4j.HelloWorld.main(HelloWorld.java:24)this is an error message!
2017-04-20 18:58:41,519 [ERROR] Method:com.demo.slf4j.HelloWorld.main(HelloWorld.java:24)this is an error message!
2017-04-20 18:58:58,202 [ERROR] Method:com.demo.slf4j.HelloWorld.main(HelloWorld.java:24)this is an error message!
2017-04-20 18:59:04,703 [ERROR] Method:com.demo.slf4j.HelloWorld.main(HelloWorld.java:24)this is an error message!
2017-04-20 18:59:18,203 [ERROR] Method:com.demo.slf4j.HelloWorld.main(HelloWorld.java:24)this is an error message!
2017-04-20 18:59:24,313 [ERROR] Method:com.demo.slf4j.HelloWorld.main(HelloWorld.java:24)this is an error message!
2017-04-20 19:08:50,892 [ERROR] Method:com.demo.thrift.HelloServiceServer.startServer(HelloServiceServer.java:51) -- Start server fail：服务器绑定端口被占用
2017-04-20 19:22:15,039 [ERROR] Method:com.demo.thrift.ipml.HelloServiceClient.startClient(HelloServiceClient.java:50) -- TTransportException: 与服务器连接失败，服务器可能未启动
2017-04-20 19:23:24,286 [ERROR] Method:com.demo.thrift.ipml.HelloServiceClient.startClient(HelloServiceClient.java:52) -- TTransportException: 与服务器连接失败，服务器可能未启动
2017-04-20 19:53:16,192 [ERROR] Method:com.demo.thrift.ipml.HelloServiceClient.startClient(HelloServiceClient.java:52) -- TTransportException: 与服务器连接失败，服务器可能未启动
2017-04-20 19:59:24,297 [ERROR] Method:com.demo.thrift.ipml.HelloServiceClient.startClient(HelloServiceClient.java:60) -- The result of helloNull function is NULL
2017-04-20 20:30:58,565 [ERROR] Method:com.demo.thrift.ipml.HelloServiceClient.startClient(HelloServiceClient.java:60) -- The result of helloNull function is NULL
2017-04-20 20:31:30,097 [ERROR] Method:com.demo.thrift.ipml.HelloServiceClient.startClient(HelloServiceClient.java:61) -- The result of helloNull function is NULL
2017-04-20 20:31:54,864 [ERROR] Method:com.demo.thrift.ipml.HelloServiceClient.startClient(HelloServiceClient.java:53) -- TTransportException: 与服务器连接失败，服务器可能未启动
2017-04-20 20:34:49,409 [ERROR] Method:com.demo.thrift.ipml.HelloClientIpml.startClient(HelloClientIpml.java:55) -- TTransportException: 与服务器连接失败，服务器可能未启动
2017-04-20 20:36:20,585 [ERROR] Method:com.demo.thrift.ipml.HelloClientIpml.startClient(HelloClientIpml.java:55) -- TTransportException: 与服务器连接失败，服务器可能未启动
2017-04-20 20:37:14,796 [ERROR] Method:com.demo.thrift.ipml.HelloClientIpml.startClient(HelloClientIpml.java:56) -- TTransportException: 与服务器连接失败，服务器可能未启动
2017-04-20 20:40:12,763 [ERROR] Method:com.demo.thrift.ipml.HelloClientIpml.startClient(HelloClientIpml.java:56) -- TTransportException: 与服务器连接失败，服务器可能未启动
2017-04-21 09:11:24,947 [ERROR] Method:com.demo.thrift.ipml.HelloClientIpml.startClient(HelloClientIpml.java:67) -- The result of helloNull function is NULL
2017-04-21 09:13:59,716 [ERROR] Method:com.demo.thrift.ipml.HelloClientIpml.startClient(HelloClientIpml.java:67) -- The result of helloNull function is NULL
2017-04-21 09:18:38,081 [ERROR] Method:com.demo.thrift.ipml.HelloClientIpml.startClient(HelloClientIpml.java:64) -- The result of helloNull function is NULL
